# JRE version: OpenJDK Runtime Environment (17.0.6) (build 17.0.6+0-b2043.56-10027231)
# Java VM: OpenJDK 64-Bit Server VM (17.0.6+0-b2043.56-10027231, mixed mode, tiered, compressed oops, compressed class ptrs, g1 gc, windows-amd64)
GC Precious Log:
 CPUs: 8 total, 8 available
 Memory: 16194M
 Large Page Support: Disabled
 NUMA Support: Disabled
 Compressed Oops: Enabled (32-bit)
 Heap Region Size: 1M
 Heap Min Capacity: 8M
 Heap Initial Capacity: 254M
 Heap Max Capacity: 2G
 Pre-touch: Disabled
 Parallel Workers: 8
 Concurrent Workers: 2
 Concurrent Refinement Workers: 8
 Periodic GC: Disabled
Heap:
 garbage-first heap   total 159744K, used 86252K [0x0000000080000000, 0x0000000100000000)
  region size 1024K, 6 young (6144K), 6 survivors (6144K)
 Metaspace       used 91014K, committed 91648K, reserved 1130496K
  class space    used 12501K, committed 12800K, reserved 1048576K
GC Heap History (20 events):
Event: 5.348 GC heap after
{Heap after GC invocations=13 (full 0):
 garbage-first heap   total 159744K, used 30151K [0x0000000080000000, 0x0000000100000000)
  region size 1024K, 2 young (2048K), 2 survivors (2048K)
 Metaspace       used 41140K, committed 41472K, reserved 1089536K
  class space    used 5447K, committed 5568K, reserved 1048576K
}
Event: 6.789 GC heap before
{Heap before GC invocations=13 (full 0):
 garbage-first heap   total 159744K, used 110023K [0x0000000080000000, 0x0000000100000000)
  region size 1024K, 78 young (79872K), 2 survivors (2048K)
 Metaspace       used 51274K, committed 51712K, reserved 1097728K
  class space    used 6872K, committed 7040K, reserved 1048576K
}
Event: 6.797 GC heap after
{Heap after GC invocations=14 (full 0):
 garbage-first heap   total 159744K, used 33483K [0x0000000080000000, 0x0000000100000000)
  region size 1024K, 7 young (7168K), 7 survivors (7168K)
 Metaspace       used 51274K, committed 51712K, reserved 1097728K
  class space    used 6872K, committed 7040K, reserved 1048576K
}
Event: 8.379 GC heap before
{Heap before GC invocations=14 (full 0):
 garbage-first heap   total 159744K, used 120523K [0x0000000080000000, 0x0000000100000000)
  region size 1024K, 89 young (91136K), 7 survivors (7168K)
 Metaspace       used 56963K, committed 57408K, reserved 1105920K
  class space    used 7620K, committed 7808K, reserved 1048576K
}
Event: 8.390 GC heap after
{Heap after GC invocations=15 (full 0):
 garbage-first heap   total 159744K, used 44969K [0x0000000080000000, 0x0000000100000000)
  region size 1024K, 12 young (12288K), 12 survivors (12288K)
 Metaspace       used 56963K, committed 57408K, reserved 1105920K
  class space    used 7620K, committed 7808K, reserved 1048576K
}
Event: 8.755 GC heap before
{Heap before GC invocations=15 (full 0):
 garbage-first heap   total 159744K, used 61353K [0x0000000080000000, 0x0000000100000000)
  region size 1024K, 29 young (29696K), 12 survivors (12288K)
 Metaspace       used 59772K, committed 60288K, reserved 1105920K
  class space    used 7923K, committed 8192K, reserved 1048576K
}
Event: 8.765 GC heap after
{Heap after GC invocations=16 (full 0):
 garbage-first heap   total 159744K, used 47291K [0x0000000080000000, 0x0000000100000000)
  region size 1024K, 2 young (2048K), 2 survivors (2048K)
 Metaspace       used 59772K, committed 60288K, reserved 1105920K
  class space    used 7923K, committed 8192K, reserved 1048576K
}
Event: 10.670 GC heap before
{Heap before GC invocations=17 (full 0):
 garbage-first heap   total 159744K, used 129211K [0x0000000080000000, 0x0000000100000000)
  region size 1024K, 76 young (77824K), 2 survivors (2048K)
 Metaspace       used 68537K, committed 69120K, reserved 1114112K
  class space    used 9126K, committed 9408K, reserved 1048576K
}
Event: 10.678 GC heap after
{Heap after GC invocations=18 (full 0):
 garbage-first heap   total 159744K, used 52575K [0x0000000080000000, 0x0000000100000000)
  region size 1024K, 7 young (7168K), 7 survivors (7168K)
 Metaspace       used 68537K, committed 69120K, reserved 1114112K
  class space    used 9126K, committed 9408K, reserved 1048576K
}
Event: 11.471 GC heap before
{Heap before GC invocations=18 (full 0):
 garbage-first heap   total 159744K, used 125279K [0x0000000080000000, 0x0000000100000000)
  region size 1024K, 77 young (78848K), 7 survivors (7168K)
 Metaspace       used 76207K, committed 76800K, reserved 1122304K
  class space    used 10253K, committed 10560K, reserved 1048576K
}
Event: 11.477 GC heap after
{Heap after GC invocations=19 (full 0):
 garbage-first heap   total 159744K, used 57945K [0x0000000080000000, 0x0000000100000000)
  region size 1024K, 6 young (6144K), 6 survivors (6144K)
 Metaspace       used 76207K, committed 76800K, reserved 1122304K
  class space    used 10253K, committed 10560K, reserved 1048576K
}
Event: 12.357 GC heap before
{Heap before GC invocations=19 (full 0):
 garbage-first heap   total 159744K, used 124505K [0x0000000080000000, 0x0000000100000000)
  region size 1024K, 71 young (72704K), 6 survivors (6144K)
 Metaspace       used 83661K, committed 84224K, reserved 1122304K
  class space    used 11437K, committed 11712K, reserved 1048576K
}
Event: 12.367 GC heap after
{Heap after GC invocations=20 (full 0):
 garbage-first heap   total 159744K, used 62972K [0x0000000080000000, 0x0000000100000000)
  region size 1024K, 5 young (5120K), 5 survivors (5120K)
 Metaspace       used 83661K, committed 84224K, reserved 1122304K
  class space    used 11437K, committed 11712K, reserved 1048576K
}
Event: 13.232 GC heap before
{Heap before GC invocations=20 (full 0):
 garbage-first heap   total 159744K, used 126460K [0x0000000080000000, 0x0000000100000000)
  region size 1024K, 67 young (68608K), 5 survivors (5120K)
 Metaspace       used 87981K, committed 88640K, reserved 1130496K
  class space    used 12015K, committed 12352K, reserved 1048576K
}
Event: 13.245 GC heap after
{Heap after GC invocations=21 (full 0):
 garbage-first heap   total 159744K, used 70346K [0x0000000080000000, 0x0000000100000000)
  region size 1024K, 9 young (9216K), 9 survivors (9216K)
 Metaspace       used 87981K, committed 88640K, reserved 1130496K
  class space    used 12015K, committed 12352K, reserved 1048576K
}
Event: 14.132 GC heap before
{Heap before GC invocations=21 (full 0):
 garbage-first heap   total 159744K, used 126666K [0x0000000080000000, 0x0000000100000000)
  region size 1024K, 64 young (65536K), 9 survivors (9216K)
 Metaspace       used 90025K, committed 90752K, reserved 1130496K
  class space    used 12416K, committed 12736K, reserved 1048576K
}
Event: 14.155 GC heap after
{Heap after GC invocations=22 (full 0):
 garbage-first heap   total 159744K, used 78832K [0x0000000080000000, 0x0000000100000000)
  region size 1024K, 8 young (8192K), 8 survivors (8192K)
 Metaspace       used 90025K, committed 90752K, reserved 1130496K
  class space    used 12416K, committed 12736K, reserved 1048576K
}
Event: 14.823 GC heap before
{Heap before GC invocations=22 (full 0):
 garbage-first heap   total 159744K, used 125936K [0x0000000080000000, 0x0000000100000000)
  region size 1024K, 55 young (56320K), 8 survivors (8192K)
 Metaspace       used 90466K, committed 91136K, reserved 1130496K
  class space    used 12451K, committed 12736K, reserved 1048576K
}
Event: 14.838 GC heap after
{Heap after GC invocations=23 (full 0):
 garbage-first heap   total 159744K, used 82038K [0x0000000080000000, 0x0000000100000000)
  region size 1024K, 5 young (5120K), 5 survivors (5120K)
 Metaspace       used 90466K, committed 91136K, reserved 1130496K
  class space    used 12451K, committed 12736K, reserved 1048576K
}
Event: 15.335 GC heap before
{Heap before GC invocations=23 (full 0):
 garbage-first heap   total 159744K, used 127094K [0x0000000080000000, 0x0000000100000000)
  region size 1024K, 50 young (51200K), 5 survivors (5120K)
 Metaspace       used 91014K, committed 91648K, reserved 1130496K
  class space    used 12501K, committed 12800K, reserved 1048576K
}

