# JRE version: OpenJDK Runtime Environment (17.0.6) (build 17.0.6+0-b2043.56-10027231)
# Java VM: OpenJDK 64-Bit Server VM (17.0.6+0-b2043.56-10027231, mixed mode, tiered, compressed oops, compressed class ptrs, g1 gc, windows-amd64)
GC Precious Log:
 CPUs: 8 total, 8 available
 Memory: 16194M
 Large Page Support: Disabled
 NUMA Support: Disabled
 Compressed Oops: Enabled (32-bit)
 Heap Region Size: 1M
 Heap Min Capacity: 8M
 Heap Initial Capacity: 254M
 Heap Max Capacity: 2G
 Pre-touch: Disabled
 Parallel Workers: 8
 Concurrent Workers: 2
 Concurrent Refinement Workers: 8
 Periodic GC: Disabled
Heap:
 garbage-first heap   total 217088K, used 59379K [0x0000000080000000, 0x0000000100000000)
  region size 1024K, 2 young (2048K), 2 survivors (2048K)
 Metaspace       used 77019K, committed 77632K, reserved 1122304K
  class space    used 10428K, committed 10752K, reserved 1048576K
GC Heap History (20 events):
Event: 5.298 GC heap after
{Heap after GC invocations=14 (full 0):
 garbage-first heap   total 86016K, used 46096K [0x0000000080000000, 0x0000000100000000)
  region size 1024K, 5 young (5120K), 5 survivors (5120K)
 Metaspace       used 54107K, committed 54592K, reserved 1097728K
  class space    used 7215K, committed 7424K, reserved 1048576K
}
Event: 5.505 GC heap before
{Heap before GC invocations=14 (full 0):
 garbage-first heap   total 86016K, used 64528K [0x0000000080000000, 0x0000000100000000)
  region size 1024K, 24 young (24576K), 5 survivors (5120K)
 Metaspace       used 56696K, committed 57216K, reserved 1105920K
  class space    used 7586K, committed 7808K, reserved 1048576K
}
Event: 5.508 GC heap after
{Heap after GC invocations=15 (full 0):
 garbage-first heap   total 86016K, used 47974K [0x0000000080000000, 0x0000000100000000)
  region size 1024K, 1 young (1024K), 1 survivors (1024K)
 Metaspace       used 56696K, committed 57216K, reserved 1105920K
  class space    used 7586K, committed 7808K, reserved 1048576K
}
Event: 5.762 GC heap before
{Heap before GC invocations=16 (full 0):
 garbage-first heap   total 86016K, used 66406K [0x0000000080000000, 0x0000000100000000)
  region size 1024K, 20 young (20480K), 1 survivors (1024K)
 Metaspace       used 59711K, committed 60288K, reserved 1105920K
  class space    used 7922K, committed 8192K, reserved 1048576K
}
Event: 5.765 GC heap after
{Heap after GC invocations=17 (full 0):
 garbage-first heap   total 86016K, used 48475K [0x0000000080000000, 0x0000000100000000)
  region size 1024K, 2 young (2048K), 2 survivors (2048K)
 Metaspace       used 59711K, committed 60288K, reserved 1105920K
  class space    used 7922K, committed 8192K, reserved 1048576K
}
Event: 5.789 GC heap before
{Heap before GC invocations=17 (full 0):
 garbage-first heap   total 86016K, used 50523K [0x0000000080000000, 0x0000000100000000)
  region size 1024K, 4 young (4096K), 2 survivors (2048K)
 Metaspace       used 59984K, committed 60544K, reserved 1105920K
  class space    used 7976K, committed 8192K, reserved 1048576K
}
Event: 5.791 GC heap after
{Heap after GC invocations=18 (full 0):
 garbage-first heap   total 86016K, used 48000K [0x0000000080000000, 0x0000000100000000)
  region size 1024K, 1 young (1024K), 1 survivors (1024K)
 Metaspace       used 59984K, committed 60544K, reserved 1105920K
  class space    used 7976K, committed 8192K, reserved 1048576K
}
Event: 6.047 GC heap before
{Heap before GC invocations=18 (full 0):
 garbage-first heap   total 86016K, used 65408K [0x0000000080000000, 0x0000000100000000)
  region size 1024K, 19 young (19456K), 1 survivors (1024K)
 Metaspace       used 63841K, committed 64448K, reserved 1105920K
  class space    used 8482K, committed 8768K, reserved 1048576K
}
Event: 6.049 GC heap after
{Heap after GC invocations=19 (full 0):
 garbage-first heap   total 108544K, used 49884K [0x0000000080000000, 0x0000000100000000)
  region size 1024K, 3 young (3072K), 3 survivors (3072K)
 Metaspace       used 63841K, committed 64448K, reserved 1105920K
  class space    used 8482K, committed 8768K, reserved 1048576K
}
Event: 6.363 GC heap before
{Heap before GC invocations=20 (full 0):
 garbage-first heap   total 109568K, used 90844K [0x0000000080000000, 0x0000000100000000)
  region size 1024K, 37 young (37888K), 3 survivors (3072K)
 Metaspace       used 66157K, committed 66752K, reserved 1114112K
  class space    used 8785K, committed 9088K, reserved 1048576K
}
Event: 6.367 GC heap after
{Heap after GC invocations=21 (full 0):
 garbage-first heap   total 109568K, used 52889K [0x0000000080000000, 0x0000000100000000)
  region size 1024K, 5 young (5120K), 5 survivors (5120K)
 Metaspace       used 66157K, committed 66752K, reserved 1114112K
  class space    used 8785K, committed 9088K, reserved 1048576K
}
Event: 6.376 GC heap before
{Heap before GC invocations=21 (full 0):
 garbage-first heap   total 109568K, used 53913K [0x0000000080000000, 0x0000000100000000)
  region size 1024K, 6 young (6144K), 5 survivors (5120K)
 Metaspace       used 66233K, committed 66816K, reserved 1114112K
  class space    used 8795K, committed 9088K, reserved 1048576K
}
Event: 6.379 GC heap after
{Heap after GC invocations=22 (full 0):
 garbage-first heap   total 109568K, used 53326K [0x0000000080000000, 0x0000000100000000)
  region size 1024K, 1 young (1024K), 1 survivors (1024K)
 Metaspace       used 66233K, committed 66816K, reserved 1114112K
  class space    used 8795K, committed 9088K, reserved 1048576K
}
Event: 6.702 GC heap before
{Heap before GC invocations=22 (full 0):
 garbage-first heap   total 109568K, used 87118K [0x0000000080000000, 0x0000000100000000)
  region size 1024K, 34 young (34816K), 1 survivors (1024K)
 Metaspace       used 70432K, committed 71040K, reserved 1114112K
  class space    used 9360K, committed 9664K, reserved 1048576K
}
Event: 6.705 GC heap after
{Heap after GC invocations=23 (full 0):
 garbage-first heap   total 109568K, used 55009K [0x0000000080000000, 0x0000000100000000)
  region size 1024K, 3 young (3072K), 3 survivors (3072K)
 Metaspace       used 70432K, committed 71040K, reserved 1114112K
  class space    used 9360K, committed 9664K, reserved 1048576K
}
Event: 7.048 GC heap before
{Heap before GC invocations=24 (full 0):
 garbage-first heap   total 109568K, used 87777K [0x0000000080000000, 0x0000000100000000)
  region size 1024K, 35 young (35840K), 3 survivors (3072K)
 Metaspace       used 73315K, committed 73984K, reserved 1114112K
  class space    used 9740K, committed 10048K, reserved 1048576K
}
Event: 7.052 GC heap after
{Heap after GC invocations=25 (full 0):
 garbage-first heap   total 109568K, used 58255K [0x0000000080000000, 0x0000000100000000)
  region size 1024K, 5 young (5120K), 5 survivors (5120K)
 Metaspace       used 73315K, committed 73984K, reserved 1114112K
  class space    used 9740K, committed 10048K, reserved 1048576K
}
Event: 7.058 GC heap before
{Heap before GC invocations=25 (full 0):
 garbage-first heap   total 109568K, used 59279K [0x0000000080000000, 0x0000000100000000)
  region size 1024K, 6 young (6144K), 5 survivors (5120K)
 Metaspace       used 73391K, committed 74048K, reserved 1114112K
  class space    used 9748K, committed 10048K, reserved 1048576K
}
Event: 7.061 GC heap after
{Heap after GC invocations=26 (full 0):
 garbage-first heap   total 109568K, used 58697K [0x0000000080000000, 0x0000000100000000)
  region size 1024K, 1 young (1024K), 1 survivors (1024K)
 Metaspace       used 73391K, committed 74048K, reserved 1114112K
  class space    used 9748K, committed 10048K, reserved 1048576K
}
Event: 7.421 GC heap before
{Heap before GC invocations=26 (full 0):
 garbage-first heap   total 109568K, used 90441K [0x0000000080000000, 0x0000000100000000)
  region size 1024K, 31 young (31744K), 1 survivors (1024K)
 Metaspace       used 77019K, committed 77632K, reserved 1122304K
  class space    used 10428K, committed 10752K, reserved 1048576K
}

