# JRE version: OpenJDK Runtime Environment (17.0.6) (build 17.0.6+0-b2043.56-10027231)
# Java VM: OpenJDK 64-Bit Server VM (17.0.6+0-b2043.56-10027231, mixed mode, tiered, compressed oops, compressed class ptrs, g1 gc, windows-amd64)
GC Precious Log:
 CPUs: 8 total, 8 available
 Memory: 16194M
 Large Page Support: Disabled
 NUMA Support: Disabled
 Compressed Oops: Enabled (32-bit)
 Heap Region Size: 1M
 Heap Min Capacity: 8M
 Heap Initial Capacity: 254M
 Heap Max Capacity: 2G
 Pre-touch: Disabled
 Parallel Workers: 8
 Concurrent Workers: 2
 Concurrent Refinement Workers: 8
 Periodic GC: Disabled
Heap:
 garbage-first heap   total 166912K, used 85657K [0x0000000080000000, 0x0000000100000000)
  region size 1024K, 2 young (2048K), 2 survivors (2048K)
 Metaspace       used 91058K, committed 91712K, reserved 1130496K
  class space    used 12505K, committed 12800K, reserved 1048576K
GC Heap History (20 events):
Event: 7.237 GC heap after
{Heap after GC invocations=20 (full 0):
 garbage-first heap   total 106496K, used 52356K [0x0000000080000000, 0x0000000100000000)
  region size 1024K, 5 young (5120K), 5 survivors (5120K)
 Metaspace       used 65888K, committed 66432K, reserved 1114112K
  class space    used 8762K, committed 9024K, reserved 1048576K
}
Event: 7.259 GC heap before
{Heap before GC invocations=20 (full 0):
 garbage-first heap   total 106496K, used 53380K [0x0000000080000000, 0x0000000100000000)
  region size 1024K, 6 young (6144K), 5 survivors (5120K)
 Metaspace       used 65964K, committed 66624K, reserved 1114112K
  class space    used 8772K, committed 9088K, reserved 1048576K
}
Event: 7.264 GC heap after
{Heap after GC invocations=21 (full 0):
 garbage-first heap   total 106496K, used 53101K [0x0000000080000000, 0x0000000100000000)
  region size 1024K, 1 young (1024K), 1 survivors (1024K)
 Metaspace       used 65964K, committed 66624K, reserved 1114112K
  class space    used 8772K, committed 9088K, reserved 1048576K
}
Event: 7.737 GC heap before
{Heap before GC invocations=21 (full 0):
 garbage-first heap   total 106496K, used 82797K [0x0000000080000000, 0x0000000100000000)
  region size 1024K, 30 young (30720K), 1 survivors (1024K)
 Metaspace       used 69398K, committed 69952K, reserved 1114112K
  class space    used 9254K, committed 9536K, reserved 1048576K
}
Event: 7.740 GC heap after
{Heap after GC invocations=22 (full 0):
 garbage-first heap   total 106496K, used 53920K [0x0000000080000000, 0x0000000100000000)
  region size 1024K, 2 young (2048K), 2 survivors (2048K)
 Metaspace       used 69398K, committed 69952K, reserved 1114112K
  class space    used 9254K, committed 9536K, reserved 1048576K
}
Event: 8.128 GC heap before
{Heap before GC invocations=23 (full 0):
 garbage-first heap   total 106496K, used 82592K [0x0000000080000000, 0x0000000100000000)
  region size 1024K, 31 young (31744K), 2 survivors (2048K)
 Metaspace       used 72200K, committed 72768K, reserved 1114112K
  class space    used 9596K, committed 9856K, reserved 1048576K
}
Event: 8.133 GC heap after
{Heap after GC invocations=24 (full 0):
 garbage-first heap   total 106496K, used 57414K [0x0000000080000000, 0x0000000100000000)
  region size 1024K, 4 young (4096K), 4 survivors (4096K)
 Metaspace       used 72200K, committed 72768K, reserved 1114112K
  class space    used 9596K, committed 9856K, reserved 1048576K
}
Event: 8.141 GC heap before
{Heap before GC invocations=24 (full 0):
 garbage-first heap   total 106496K, used 58438K [0x0000000080000000, 0x0000000100000000)
  region size 1024K, 5 young (5120K), 4 survivors (4096K)
 Metaspace       used 72201K, committed 72768K, reserved 1114112K
  class space    used 9596K, committed 9856K, reserved 1048576K
}
Event: 8.144 GC heap after
{Heap after GC invocations=25 (full 0):
 garbage-first heap   total 166912K, used 57287K [0x0000000080000000, 0x0000000100000000)
  region size 1024K, 1 young (1024K), 1 survivors (1024K)
 Metaspace       used 72201K, committed 72768K, reserved 1114112K
  class space    used 9596K, committed 9856K, reserved 1048576K
}
Event: 9.089 GC heap before
{Heap before GC invocations=25 (full 0):
 garbage-first heap   total 166912K, used 120775K [0x0000000080000000, 0x0000000100000000)
  region size 1024K, 63 young (64512K), 1 survivors (1024K)
 Metaspace       used 79431K, committed 80000K, reserved 1122304K
  class space    used 10800K, committed 11072K, reserved 1048576K
}
Event: 9.094 GC heap after
{Heap after GC invocations=26 (full 0):
 garbage-first heap   total 166912K, used 59915K [0x0000000080000000, 0x0000000100000000)
  region size 1024K, 4 young (4096K), 4 survivors (4096K)
 Metaspace       used 79431K, committed 80000K, reserved 1122304K
  class space    used 10800K, committed 11072K, reserved 1048576K
}
Event: 10.143 GC heap before
{Heap before GC invocations=26 (full 0):
 garbage-first heap   total 166912K, used 129547K [0x0000000080000000, 0x0000000100000000)
  region size 1024K, 72 young (73728K), 4 survivors (4096K)
 Metaspace       used 87172K, committed 87808K, reserved 1130496K
  class space    used 11920K, committed 12224K, reserved 1048576K
}
Event: 10.151 GC heap after
{Heap after GC invocations=27 (full 0):
 garbage-first heap   total 166912K, used 65465K [0x0000000080000000, 0x0000000100000000)
  region size 1024K, 9 young (9216K), 9 survivors (9216K)
 Metaspace       used 87172K, committed 87808K, reserved 1130496K
  class space    used 11920K, committed 12224K, reserved 1048576K
}
Event: 10.843 GC heap before
{Heap before GC invocations=27 (full 0):
 garbage-first heap   total 166912K, used 129977K [0x0000000080000000, 0x0000000100000000)
  region size 1024K, 72 young (73728K), 9 survivors (9216K)
 Metaspace       used 89389K, committed 90048K, reserved 1130496K
  class space    used 12263K, committed 12544K, reserved 1048576K
}
Event: 10.856 GC heap after
{Heap after GC invocations=28 (full 0):
 garbage-first heap   total 166912K, used 74551K [0x0000000080000000, 0x0000000100000000)
  region size 1024K, 9 young (9216K), 9 survivors (9216K)
 Metaspace       used 89389K, committed 90048K, reserved 1130496K
  class space    used 12263K, committed 12544K, reserved 1048576K
}
Event: 11.238 GC heap before
{Heap before GC invocations=28 (full 0):
 garbage-first heap   total 166912K, used 129847K [0x0000000080000000, 0x0000000100000000)
  region size 1024K, 64 young (65536K), 9 survivors (9216K)
 Metaspace       used 90178K, committed 90880K, reserved 1130496K
  class space    used 12420K, committed 12736K, reserved 1048576K
}
Event: 11.251 GC heap after
{Heap after GC invocations=29 (full 0):
 garbage-first heap   total 166912K, used 81431K [0x0000000080000000, 0x0000000100000000)
  region size 1024K, 7 young (7168K), 7 survivors (7168K)
 Metaspace       used 90178K, committed 90880K, reserved 1130496K
  class space    used 12420K, committed 12736K, reserved 1048576K
}
Event: 11.771 GC heap before
{Heap before GC invocations=29 (full 0):
 garbage-first heap   total 166912K, used 131607K [0x0000000080000000, 0x0000000100000000)
  region size 1024K, 57 young (58368K), 7 survivors (7168K)
 Metaspace       used 90788K, committed 91520K, reserved 1130496K
  class space    used 12469K, committed 12800K, reserved 1048576K
}
Event: 11.781 GC heap after
{Heap after GC invocations=30 (full 0):
 garbage-first heap   total 166912K, used 85092K [0x0000000080000000, 0x0000000100000000)
  region size 1024K, 6 young (6144K), 6 survivors (6144K)
 Metaspace       used 90788K, committed 91520K, reserved 1130496K
  class space    used 12469K, committed 12800K, reserved 1048576K
}
Event: 11.914 GC heap before
{Heap before GC invocations=30 (full 0):
 garbage-first heap   total 166912K, used 95332K [0x0000000080000000, 0x0000000100000000)
  region size 1024K, 18 young (18432K), 6 survivors (6144K)
 Metaspace       used 91058K, committed 91712K, reserved 1130496K
  class space    used 12505K, committed 12800K, reserved 1048576K
}

