# JRE version: OpenJDK Runtime Environment (17.0.6) (build 17.0.6+0-b2043.56-10027231)
# Java VM: OpenJDK 64-Bit Server VM (17.0.6+0-b2043.56-10027231, mixed mode, tiered, compressed oops, compressed class ptrs, g1 gc, windows-amd64)
GC Precious Log:
 CPUs: 8 total, 8 available
 Memory: 16194M
 Large Page Support: Disabled
 NUMA Support: Disabled
 Compressed Oops: Enabled (32-bit)
 Heap Region Size: 1M
 Heap Min Capacity: 8M
 Heap Initial Capacity: 254M
 Heap Max Capacity: 2G
 Pre-touch: Disabled
 Parallel Workers: 8
 Concurrent Workers: 2
 Concurrent Refinement Workers: 8
 Periodic GC: Disabled
Heap:
 garbage-first heap   total 184320K, used 125148K [0x0000000080000000, 0x0000000100000000)
  region size 1024K, 54 young (55296K), 5 survivors (5120K)
 Metaspace       used 90396K, committed 91008K, reserved 1130496K
  class space    used 12423K, committed 12736K, reserved 1048576K
GC Heap History (20 events):
Event: 12.638 GC heap before
{Heap before GC invocations=26 (full 0):
 garbage-first heap   total 104448K, used 80642K [0x0000000080000000, 0x0000000100000000)
  region size 1024K, 30 young (30720K), 2 survivors (2048K)
 Metaspace       used 71325K, committed 71936K, reserved 1114112K
  class space    used 9481K, committed 9792K, reserved 1048576K
}
Event: 12.643 GC heap after
{Heap after GC invocations=27 (full 0):
 garbage-first heap   total 104448K, used 53742K [0x0000000080000000, 0x0000000100000000)
  region size 1024K, 4 young (4096K), 4 survivors (4096K)
 Metaspace       used 71325K, committed 71936K, reserved 1114112K
  class space    used 9481K, committed 9792K, reserved 1048576K
}
Event: 13.186 GC heap before
{Heap before GC invocations=27 (full 0):
 garbage-first heap   total 104448K, used 80366K [0x0000000080000000, 0x0000000100000000)
  region size 1024K, 31 young (31744K), 4 survivors (4096K)
 Metaspace       used 73474K, committed 74048K, reserved 1114112K
  class space    used 9756K, committed 10048K, reserved 1048576K
}
Event: 13.193 GC heap after
{Heap after GC invocations=28 (full 0):
 garbage-first heap   total 104448K, used 56625K [0x0000000080000000, 0x0000000100000000)
  region size 1024K, 4 young (4096K), 4 survivors (4096K)
 Metaspace       used 73474K, committed 74048K, reserved 1114112K
  class space    used 9756K, committed 10048K, reserved 1048576K
}
Event: 13.933 GC heap before
{Heap before GC invocations=29 (full 0):
 garbage-first heap   total 104448K, used 82225K [0x0000000080000000, 0x0000000100000000)
  region size 1024K, 29 young (29696K), 4 survivors (4096K)
 Metaspace       used 76427K, committed 76992K, reserved 1122304K
  class space    used 10292K, committed 10560K, reserved 1048576K
}
Event: 13.940 GC heap after
{Heap after GC invocations=30 (full 0):
 garbage-first heap   total 104448K, used 58208K [0x0000000080000000, 0x0000000100000000)
  region size 1024K, 2 young (2048K), 2 survivors (2048K)
 Metaspace       used 76427K, committed 76992K, reserved 1122304K
  class space    used 10292K, committed 10560K, reserved 1048576K
}
Event: 14.075 GC heap before
{Heap before GC invocations=30 (full 0):
 garbage-first heap   total 104448K, used 61280K [0x0000000080000000, 0x0000000100000000)
  region size 1024K, 5 young (5120K), 2 survivors (2048K)
 Metaspace       used 76812K, committed 77440K, reserved 1122304K
  class space    used 10391K, committed 10688K, reserved 1048576K
}
Event: 14.080 GC heap after
{Heap after GC invocations=31 (full 0):
 garbage-first heap   total 125952K, used 57849K [0x0000000080000000, 0x0000000100000000)
  region size 1024K, 1 young (1024K), 1 survivors (1024K)
 Metaspace       used 76812K, committed 77440K, reserved 1122304K
  class space    used 10391K, committed 10688K, reserved 1048576K
}
Event: 15.304 GC heap before
{Heap before GC invocations=31 (full 0):
 garbage-first heap   total 125952K, used 97785K [0x0000000080000000, 0x0000000100000000)
  region size 1024K, 40 young (40960K), 1 survivors (1024K)
 Metaspace       used 81116K, committed 81728K, reserved 1122304K
  class space    used 11029K, committed 11328K, reserved 1048576K
}
Event: 15.310 GC heap after
{Heap after GC invocations=32 (full 0):
 garbage-first heap   total 125952K, used 61040K [0x0000000080000000, 0x0000000100000000)
  region size 1024K, 4 young (4096K), 4 survivors (4096K)
 Metaspace       used 81116K, committed 81728K, reserved 1122304K
  class space    used 11029K, committed 11328K, reserved 1048576K
}
Event: 16.283 GC heap before
{Heap before GC invocations=33 (full 0):
 garbage-first heap   total 125952K, used 98928K [0x0000000080000000, 0x0000000100000000)
  region size 1024K, 41 young (41984K), 4 survivors (4096K)
 Metaspace       used 86246K, committed 86912K, reserved 1130496K
  class space    used 11778K, committed 12096K, reserved 1048576K
}
Event: 16.289 GC heap after
{Heap after GC invocations=34 (full 0):
 garbage-first heap   total 125952K, used 63836K [0x0000000080000000, 0x0000000100000000)
  region size 1024K, 3 young (3072K), 3 survivors (3072K)
 Metaspace       used 86246K, committed 86912K, reserved 1130496K
  class space    used 11778K, committed 12096K, reserved 1048576K
}
Event: 16.331 GC heap before
{Heap before GC invocations=34 (full 0):
 garbage-first heap   total 125952K, used 66908K [0x0000000080000000, 0x0000000100000000)
  region size 1024K, 6 young (6144K), 3 survivors (3072K)
 Metaspace       used 86467K, committed 87104K, reserved 1130496K
  class space    used 11810K, committed 12096K, reserved 1048576K
}
Event: 16.337 GC heap after
{Heap after GC invocations=35 (full 0):
 garbage-first heap   total 125952K, used 63471K [0x0000000080000000, 0x0000000100000000)
  region size 1024K, 1 young (1024K), 1 survivors (1024K)
 Metaspace       used 86467K, committed 87104K, reserved 1130496K
  class space    used 11810K, committed 12096K, reserved 1048576K
}
Event: 16.933 GC heap before
{Heap before GC invocations=35 (full 0):
 garbage-first heap   total 125952K, used 100335K [0x0000000080000000, 0x0000000100000000)
  region size 1024K, 37 young (37888K), 1 survivors (1024K)
 Metaspace       used 87990K, committed 88640K, reserved 1130496K
  class space    used 12006K, committed 12352K, reserved 1048576K
}
Event: 16.940 GC heap after
{Heap after GC invocations=36 (full 0):
 garbage-first heap   total 125952K, used 67809K [0x0000000080000000, 0x0000000100000000)
  region size 1024K, 5 young (5120K), 5 survivors (5120K)
 Metaspace       used 87990K, committed 88640K, reserved 1130496K
  class space    used 12006K, committed 12352K, reserved 1048576K
}
Event: 17.557 GC heap before
{Heap before GC invocations=36 (full 0):
 garbage-first heap   total 125952K, used 99553K [0x0000000080000000, 0x0000000100000000)
  region size 1024K, 37 young (37888K), 5 survivors (5120K)
 Metaspace       used 89084K, committed 89728K, reserved 1130496K
  class space    used 12225K, committed 12544K, reserved 1048576K
}
Event: 17.571 GC heap after
{Heap after GC invocations=37 (full 0):
 garbage-first heap   total 125952K, used 72761K [0x0000000080000000, 0x0000000100000000)
  region size 1024K, 5 young (5120K), 5 survivors (5120K)
 Metaspace       used 89084K, committed 89728K, reserved 1130496K
  class space    used 12225K, committed 12544K, reserved 1048576K
}
Event: 18.211 GC heap before
{Heap before GC invocations=37 (full 0):
 garbage-first heap   total 125952K, used 100409K [0x0000000080000000, 0x0000000100000000)
  region size 1024K, 33 young (33792K), 5 survivors (5120K)
 Metaspace       used 89959K, committed 90624K, reserved 1130496K
  class space    used 12389K, committed 12672K, reserved 1048576K
}
Event: 18.223 GC heap after
{Heap after GC invocations=38 (full 0):
 garbage-first heap   total 184320K, used 77020K [0x0000000080000000, 0x0000000100000000)
  region size 1024K, 5 young (5120K), 5 survivors (5120K)
 Metaspace       used 89959K, committed 90624K, reserved 1130496K
  class space    used 12389K, committed 12672K, reserved 1048576K
}

