# JRE version: OpenJDK Runtime Environment (17.0.6) (build 17.0.6+0-b2043.56-10027231)
# Java VM: OpenJDK 64-Bit Server VM (17.0.6+0-b2043.56-10027231, mixed mode, tiered, compressed oops, compressed class ptrs, g1 gc, windows-amd64)
GC Precious Log:
 CPUs: 8 total, 8 available
 Memory: 16194M
 Large Page Support: Disabled
 NUMA Support: Disabled
 Compressed Oops: Enabled (32-bit)
 Heap Region Size: 1M
 Heap Min Capacity: 8M
 Heap Initial Capacity: 254M
 Heap Max Capacity: 2G
 Pre-touch: Disabled
 Parallel Workers: 8
 Concurrent Workers: 2
 Concurrent Refinement Workers: 8
 Periodic GC: Disabled
Heap:
 garbage-first heap   total 260096K, used 120721K [0x0000000080000000, 0x0000000100000000)
  region size 1024K, 2 young (2048K), 2 survivors (2048K)
 Metaspace       used 108937K, committed 109568K, reserved 1146880K
  class space    used 14010K, committed 14272K, reserved 1048576K
GC Heap History (20 events):
Event: 11.861 GC heap after
{Heap after GC invocations=36 (full 0):
 garbage-first heap   total 184320K, used 89414K [0x0000000080000000, 0x0000000100000000)
  region size 1024K, 3 young (3072K), 3 survivors (3072K)
 Metaspace       used 72911K, committed 73536K, reserved 1114112K
  class space    used 9958K, committed 10240K, reserved 1048576K
}
Event: 13.155 GC heap before
{Heap before GC invocations=37 (full 0):
 garbage-first heap   total 184320K, used 153926K [0x0000000080000000, 0x0000000100000000)
  region size 1024K, 60 young (61440K), 3 survivors (3072K)
 Metaspace       used 80649K, committed 81280K, reserved 1122304K
  class space    used 10720K, committed 11008K, reserved 1048576K
}
Event: 13.160 GC heap after
{Heap after GC invocations=38 (full 0):
 garbage-first heap   total 184320K, used 99795K [0x0000000080000000, 0x0000000100000000)
  region size 1024K, 7 young (7168K), 7 survivors (7168K)
 Metaspace       used 80649K, committed 81280K, reserved 1122304K
  class space    used 10720K, committed 11008K, reserved 1048576K
}
Event: 14.084 GC heap before
{Heap before GC invocations=38 (full 0):
 garbage-first heap   total 184320K, used 145875K [0x0000000080000000, 0x0000000100000000)
  region size 1024K, 53 young (54272K), 7 survivors (7168K)
 Metaspace       used 87035K, committed 87616K, reserved 1130496K
  class space    used 11532K, committed 11776K, reserved 1048576K
}
Event: 14.093 GC heap after
{Heap after GC invocations=39 (full 0):
 garbage-first heap   total 184320K, used 103917K [0x0000000080000000, 0x0000000100000000)
  region size 1024K, 4 young (4096K), 4 survivors (4096K)
 Metaspace       used 87035K, committed 87616K, reserved 1130496K
  class space    used 11532K, committed 11776K, reserved 1048576K
}
Event: 14.602 GC heap before
{Heap before GC invocations=40 (full 0):
 garbage-first heap   total 199680K, used 152045K [0x0000000080000000, 0x0000000100000000)
  region size 1024K, 50 young (51200K), 4 survivors (4096K)
 Metaspace       used 89225K, committed 89792K, reserved 1130496K
  class space    used 11793K, committed 12032K, reserved 1048576K
}
Event: 14.609 GC heap after
{Heap after GC invocations=41 (full 0):
 garbage-first heap   total 199680K, used 106068K [0x0000000080000000, 0x0000000100000000)
  region size 1024K, 6 young (6144K), 6 survivors (6144K)
 Metaspace       used 89225K, committed 89792K, reserved 1130496K
  class space    used 11793K, committed 12032K, reserved 1048576K
}
Event: 14.657 GC heap before
{Heap before GC invocations=41 (full 0):
 garbage-first heap   total 199680K, used 109140K [0x0000000080000000, 0x0000000100000000)
  region size 1024K, 9 young (9216K), 6 survivors (6144K)
 Metaspace       used 89299K, committed 89856K, reserved 1130496K
  class space    used 11793K, committed 12032K, reserved 1048576K
}
Event: 14.663 GC heap after
{Heap after GC invocations=42 (full 0):
 garbage-first heap   total 199680K, used 106765K [0x0000000080000000, 0x0000000100000000)
  region size 1024K, 2 young (2048K), 2 survivors (2048K)
 Metaspace       used 89299K, committed 89856K, reserved 1130496K
  class space    used 11793K, committed 12032K, reserved 1048576K
}
Event: 15.428 GC heap before
{Heap before GC invocations=42 (full 0):
 garbage-first heap   total 199680K, used 163085K [0x0000000080000000, 0x0000000100000000)
  region size 1024K, 57 young (58368K), 2 survivors (2048K)
 Metaspace       used 93814K, committed 94336K, reserved 1138688K
  class space    used 12307K, committed 12544K, reserved 1048576K
}
Event: 15.434 GC heap after
{Heap after GC invocations=43 (full 0):
 garbage-first heap   total 199680K, used 110031K [0x0000000080000000, 0x0000000100000000)
  region size 1024K, 5 young (5120K), 5 survivors (5120K)
 Metaspace       used 93814K, committed 94336K, reserved 1138688K
  class space    used 12307K, committed 12544K, reserved 1048576K
}
Event: 16.463 GC heap before
{Heap before GC invocations=44 (full 0):
 garbage-first heap   total 199680K, used 164303K [0x0000000080000000, 0x0000000100000000)
  region size 1024K, 58 young (59392K), 5 survivors (5120K)
 Metaspace       used 101448K, committed 102016K, reserved 1138688K
  class space    used 13159K, committed 13440K, reserved 1048576K
}
Event: 16.469 GC heap after
{Heap after GC invocations=45 (full 0):
 garbage-first heap   total 199680K, used 113068K [0x0000000080000000, 0x0000000100000000)
  region size 1024K, 7 young (7168K), 7 survivors (7168K)
 Metaspace       used 101448K, committed 102016K, reserved 1138688K
  class space    used 13159K, committed 13440K, reserved 1048576K
}
Event: 16.509 GC heap before
{Heap before GC invocations=45 (full 0):
 garbage-first heap   total 199680K, used 115116K [0x0000000080000000, 0x0000000100000000)
  region size 1024K, 9 young (9216K), 7 survivors (7168K)
 Metaspace       used 101812K, committed 102336K, reserved 1138688K
  class space    used 13217K, committed 13440K, reserved 1048576K
}
Event: 16.516 GC heap after
{Heap after GC invocations=46 (full 0):
 garbage-first heap   total 199680K, used 112913K [0x0000000080000000, 0x0000000100000000)
  region size 1024K, 1 young (1024K), 1 survivors (1024K)
 Metaspace       used 101812K, committed 102336K, reserved 1138688K
  class space    used 13217K, committed 13440K, reserved 1048576K
}
Event: 17.540 GC heap before
{Heap before GC invocations=46 (full 0):
 garbage-first heap   total 199680K, used 166161K [0x0000000080000000, 0x0000000100000000)
  region size 1024K, 53 young (54272K), 1 survivors (1024K)
 Metaspace       used 108703K, committed 109312K, reserved 1146880K
  class space    used 14010K, committed 14272K, reserved 1048576K
}
Event: 17.546 GC heap after
{Heap after GC invocations=47 (full 0):
 garbage-first heap   total 199680K, used 114863K [0x0000000080000000, 0x0000000100000000)
  region size 1024K, 3 young (3072K), 3 survivors (3072K)
 Metaspace       used 108703K, committed 109312K, reserved 1146880K
  class space    used 14010K, committed 14272K, reserved 1048576K
}
Event: 17.841 GC heap before
{Heap before GC invocations=48 (full 0):
 garbage-first heap   total 211968K, used 168111K [0x0000000080000000, 0x0000000100000000)
  region size 1024K, 54 young (55296K), 3 survivors (3072K)
 Metaspace       used 108933K, committed 109568K, reserved 1146880K
  class space    used 14010K, committed 14272K, reserved 1048576K
}
Event: 17.847 GC heap after
{Heap after GC invocations=49 (full 0):
 garbage-first heap   total 211968K, used 119768K [0x0000000080000000, 0x0000000100000000)
  region size 1024K, 7 young (7168K), 7 survivors (7168K)
 Metaspace       used 108933K, committed 109568K, reserved 1146880K
  class space    used 14010K, committed 14272K, reserved 1048576K
}
Event: 17.879 GC heap before
{Heap before GC invocations=49 (full 0):
 garbage-first heap   total 211968K, used 122840K [0x0000000080000000, 0x0000000100000000)
  region size 1024K, 10 young (10240K), 7 survivors (7168K)
 Metaspace       used 108937K, committed 109568K, reserved 1146880K
  class space    used 14010K, committed 14272K, reserved 1048576K
}

