# JRE version: OpenJDK Runtime Environment (17.0.6) (build 17.0.6+0-b2043.56-10027231)
# Java VM: OpenJDK 64-Bit Server VM (17.0.6+0-b2043.56-10027231, mixed mode, tiered, compressed oops, compressed class ptrs, g1 gc, windows-amd64)
GC Precious Log:
 CPUs: 8 total, 8 available
 Memory: 16194M
 Large Page Support: Disabled
 NUMA Support: Disabled
 Compressed Oops: Enabled (32-bit)
 Heap Region Size: 1M
 Heap Min Capacity: 8M
 Heap Initial Capacity: 254M
 Heap Max Capacity: 2G
 Pre-touch: Disabled
 Parallel Workers: 8
 Concurrent Workers: 2
 Concurrent Refinement Workers: 8
 Periodic GC: Disabled
Heap:
 garbage-first heap   total 315392K, used 133713K [0x0000000080000000, 0x0000000100000000)
  region size 1024K, 12 young (12288K), 12 survivors (12288K)
 Metaspace       used 143939K, committed 145216K, reserved 1179648K
  class space    used 19515K, committed 20096K, reserved 1048576K
GC Heap History (20 events):
Event: 7215.043 GC heap after
{Heap after GC invocations=87 (full 0):
 garbage-first heap   total 314368K, used 118685K [0x0000000080000000, 0x0000000100000000)
  region size 1024K, 2 young (2048K), 2 survivors (2048K)
 Metaspace       used 142916K, committed 144128K, reserved 1179648K
  class space    used 19509K, committed 20096K, reserved 1048576K
}
Event: 7215.987 GC heap before
{Heap before GC invocations=87 (full 0):
 garbage-first heap   total 314368K, used 191389K [0x0000000080000000, 0x0000000100000000)
  region size 1024K, 75 young (76800K), 2 survivors (2048K)
 Metaspace       used 143052K, committed 144256K, reserved 1179648K
  class space    used 19510K, committed 20096K, reserved 1048576K
}
Event: 7216.005 GC heap after
{Heap after GC invocations=88 (full 0):
 garbage-first heap   total 314368K, used 128266K [0x0000000080000000, 0x0000000100000000)
  region size 1024K, 12 young (12288K), 12 survivors (12288K)
 Metaspace       used 143052K, committed 144256K, reserved 1179648K
  class space    used 19510K, committed 20096K, reserved 1048576K
}
Event: 7515.635 GC heap before
{Heap before GC invocations=89 (full 0):
 garbage-first heap   total 314368K, used 290058K [0x0000000080000000, 0x0000000100000000)
  region size 1024K, 109 young (111616K), 12 survivors (12288K)
 Metaspace       used 143164K, committed 144448K, reserved 1179648K
  class space    used 19512K, committed 20096K, reserved 1048576K
}
Event: 7515.665 GC heap after
{Heap after GC invocations=90 (full 0):
 garbage-first heap   total 315392K, used 138249K [0x0000000080000000, 0x0000000100000000)
  region size 1024K, 12 young (12288K), 12 survivors (12288K)
 Metaspace       used 143164K, committed 144448K, reserved 1179648K
  class space    used 19512K, committed 20096K, reserved 1048576K
}
Event: 7515.847 GC heap before
{Heap before GC invocations=90 (full 0):
 garbage-first heap   total 315392K, used 140297K [0x0000000080000000, 0x0000000100000000)
  region size 1024K, 15 young (15360K), 12 survivors (12288K)
 Metaspace       used 143171K, committed 144448K, reserved 1179648K
  class space    used 19512K, committed 20096K, reserved 1048576K
}
Event: 7515.868 GC heap after
{Heap after GC invocations=91 (full 0):
 garbage-first heap   total 315392K, used 131449K [0x0000000080000000, 0x0000000100000000)
  region size 1024K, 2 young (2048K), 2 survivors (2048K)
 Metaspace       used 143171K, committed 144448K, reserved 1179648K
  class space    used 19512K, committed 20096K, reserved 1048576K
}
Event: 7516.010 GC heap before
{Heap before GC invocations=91 (full 0):
 garbage-first heap   total 315392K, used 134521K [0x0000000080000000, 0x0000000100000000)
  region size 1024K, 6 young (6144K), 2 survivors (2048K)
 Metaspace       used 143181K, committed 144448K, reserved 1179648K
  class space    used 19512K, committed 20096K, reserved 1048576K
}
Event: 7516.013 GC heap after
{Heap after GC invocations=92 (full 0):
 garbage-first heap   total 315392K, used 132909K [0x0000000080000000, 0x0000000100000000)
  region size 1024K, 4 young (4096K), 4 survivors (4096K)
 Metaspace       used 143181K, committed 144448K, reserved 1179648K
  class space    used 19512K, committed 20096K, reserved 1048576K
}
Event: 7649.925 GC heap before
{Heap before GC invocations=93 (full 0):
 garbage-first heap   total 315392K, used 270125K [0x0000000080000000, 0x0000000100000000)
  region size 1024K, 123 young (125952K), 4 survivors (4096K)
 Metaspace       used 143425K, committed 144704K, reserved 1179648K
  class space    used 19515K, committed 20096K, reserved 1048576K
}
Event: 7649.944 GC heap after
{Heap after GC invocations=94 (full 0):
 garbage-first heap   total 315392K, used 134521K [0x0000000080000000, 0x0000000100000000)
  region size 1024K, 9 young (9216K), 9 survivors (9216K)
 Metaspace       used 143425K, committed 144704K, reserved 1179648K
  class space    used 19515K, committed 20096K, reserved 1048576K
}
Event: 7650.062 GC heap before
{Heap before GC invocations=94 (full 0):
 garbage-first heap   total 315392K, used 139641K [0x0000000080000000, 0x0000000100000000)
  region size 1024K, 15 young (15360K), 9 survivors (9216K)
 Metaspace       used 143452K, committed 144704K, reserved 1179648K
  class space    used 19515K, committed 20096K, reserved 1048576K
}
Event: 7650.079 GC heap after
{Heap after GC invocations=95 (full 0):
 garbage-first heap   total 315392K, used 128252K [0x0000000080000000, 0x0000000100000000)
  region size 1024K, 2 young (2048K), 2 survivors (2048K)
 Metaspace       used 143452K, committed 144704K, reserved 1179648K
  class space    used 19515K, committed 20096K, reserved 1048576K
}
Event: 7651.033 GC heap before
{Heap before GC invocations=95 (full 0):
 garbage-first heap   total 315392K, used 159996K [0x0000000080000000, 0x0000000100000000)
  region size 1024K, 35 young (35840K), 2 survivors (2048K)
 Metaspace       used 143609K, committed 144896K, reserved 1179648K
  class space    used 19515K, committed 20096K, reserved 1048576K
}
Event: 7651.042 GC heap after
{Heap after GC invocations=96 (full 0):
 garbage-first heap   total 315392K, used 134164K [0x0000000080000000, 0x0000000100000000)
  region size 1024K, 8 young (8192K), 8 survivors (8192K)
 Metaspace       used 143609K, committed 144896K, reserved 1179648K
  class space    used 19515K, committed 20096K, reserved 1048576K
}
Event: 7677.082 GC heap before
{Heap before GC invocations=97 (full 0):
 garbage-first heap   total 315392K, used 291860K [0x0000000080000000, 0x0000000100000000)
  region size 1024K, 99 young (101376K), 8 survivors (8192K)
 Metaspace       used 143775K, committed 145088K, reserved 1179648K
  class space    used 19515K, committed 20096K, reserved 1048576K
}
Event: 7677.095 GC heap after
{Heap after GC invocations=98 (full 0):
 garbage-first heap   total 315392K, used 137233K [0x0000000080000000, 0x0000000100000000)
  region size 1024K, 9 young (9216K), 9 survivors (9216K)
 Metaspace       used 143775K, committed 145088K, reserved 1179648K
  class space    used 19515K, committed 20096K, reserved 1048576K
}
Event: 7677.187 GC heap before
{Heap before GC invocations=98 (full 0):
 garbage-first heap   total 315392K, used 142353K [0x0000000080000000, 0x0000000100000000)
  region size 1024K, 15 young (15360K), 9 survivors (9216K)
 Metaspace       used 143778K, committed 145088K, reserved 1179648K
  class space    used 19515K, committed 20096K, reserved 1048576K
}
Event: 7677.209 GC heap after
{Heap after GC invocations=99 (full 0):
 garbage-first heap   total 315392K, used 122832K [0x0000000080000000, 0x0000000100000000)
  region size 1024K, 2 young (2048K), 2 survivors (2048K)
 Metaspace       used 143778K, committed 145088K, reserved 1179648K
  class space    used 19515K, committed 20096K, reserved 1048576K
}
Event: 7680.922 GC heap before
{Heap before GC invocations=99 (full 0):
 garbage-first heap   total 315392K, used 232400K [0x0000000080000000, 0x0000000100000000)
  region size 1024K, 111 young (113664K), 2 survivors (2048K)
 Metaspace       used 143939K, committed 145216K, reserved 1179648K
  class space    used 19515K, committed 20096K, reserved 1048576K
}

