# JRE version: OpenJDK Runtime Environment (17.0.6) (build 17.0.6+0-b2043.56-10027231)
# Java VM: OpenJDK 64-Bit Server VM (17.0.6+0-b2043.56-10027231, mixed mode, tiered, compressed oops, compressed class ptrs, g1 gc, windows-amd64)
GC Precious Log:
 CPUs: 8 total, 8 available
 Memory: 16194M
 Large Page Support: Disabled
 NUMA Support: Disabled
 Compressed Oops: Enabled (32-bit)
 Heap Region Size: 1M
 Heap Min Capacity: 8M
 Heap Initial Capacity: 254M
 Heap Max Capacity: 2G
 Pre-touch: Disabled
 Parallel Workers: 8
 Concurrent Workers: 2
 Concurrent Refinement Workers: 8
 Periodic GC: Disabled
Heap:
 garbage-first heap   total 232448K, used 151957K [0x0000000080000000, 0x0000000100000000)
  region size 1024K, 22 young (22528K), 3 survivors (3072K)
 Metaspace       used 104308K, committed 104960K, reserved 1146880K
  class space    used 13942K, committed 14208K, reserved 1048576K
GC Heap History (20 events):
Event: 11.758 GC heap before
{Heap before GC invocations=35 (full 0):
 garbage-first heap   total 148480K, used 118251K [0x0000000080000000, 0x0000000100000000)
  region size 1024K, 30 young (30720K), 1 survivors (1024K)
 Metaspace       used 70445K, committed 71168K, reserved 1114112K
  class space    used 9415K, committed 9728K, reserved 1048576K
}
Event: 11.763 GC heap after
{Heap after GC invocations=36 (full 0):
 garbage-first heap   total 210944K, used 90003K [0x0000000080000000, 0x0000000100000000)
  region size 1024K, 2 young (2048K), 2 survivors (2048K)
 Metaspace       used 70445K, committed 71168K, reserved 1114112K
  class space    used 9415K, committed 9728K, reserved 1048576K
}
Event: 13.076 GC heap before
{Heap before GC invocations=37 (full 0):
 garbage-first heap   total 210944K, used 158611K [0x0000000080000000, 0x0000000100000000)
  region size 1024K, 69 young (70656K), 2 survivors (2048K)
 Metaspace       used 78895K, committed 79616K, reserved 1122304K
  class space    used 10525K, committed 10816K, reserved 1048576K
}
Event: 13.084 GC heap after
{Heap after GC invocations=38 (full 0):
 garbage-first heap   total 210944K, used 94791K [0x0000000080000000, 0x0000000100000000)
  region size 1024K, 7 young (7168K), 7 survivors (7168K)
 Metaspace       used 78895K, committed 79616K, reserved 1122304K
  class space    used 10525K, committed 10816K, reserved 1048576K
}
Event: 13.133 GC heap before
{Heap before GC invocations=38 (full 0):
 garbage-first heap   total 210944K, used 96839K [0x0000000080000000, 0x0000000100000000)
  region size 1024K, 10 young (10240K), 7 survivors (7168K)
 Metaspace       used 79529K, committed 80192K, reserved 1122304K
  class space    used 10601K, committed 10880K, reserved 1048576K
}
Event: 13.143 GC heap after
{Heap after GC invocations=39 (full 0):
 garbage-first heap   total 210944K, used 94935K [0x0000000080000000, 0x0000000100000000)
  region size 1024K, 1 young (1024K), 1 survivors (1024K)
 Metaspace       used 79529K, committed 80192K, reserved 1122304K
  class space    used 10601K, committed 10880K, reserved 1048576K
}
Event: 13.178 GC heap before
{Heap before GC invocations=39 (full 0):
 garbage-first heap   total 210944K, used 96983K [0x0000000080000000, 0x0000000100000000)
  region size 1024K, 4 young (4096K), 1 survivors (1024K)
 Metaspace       used 79878K, committed 80576K, reserved 1122304K
  class space    used 10645K, committed 10944K, reserved 1048576K
}
Event: 13.179 GC heap after
{Heap after GC invocations=40 (full 0):
 garbage-first heap   total 210944K, used 94381K [0x0000000080000000, 0x0000000100000000)
  region size 1024K, 1 young (1024K), 1 survivors (1024K)
 Metaspace       used 79878K, committed 80576K, reserved 1122304K
  class space    used 10645K, committed 10944K, reserved 1048576K
}
Event: 14.270 GC heap before
{Heap before GC invocations=41 (full 0):
 garbage-first heap   total 210944K, used 178349K [0x0000000080000000, 0x0000000100000000)
  region size 1024K, 74 young (75776K), 1 survivors (1024K)
 Metaspace       used 88404K, committed 89152K, reserved 1130496K
  class space    used 12188K, committed 12480K, reserved 1048576K
}
Event: 14.280 GC heap after
{Heap after GC invocations=42 (full 0):
 garbage-first heap   total 210944K, used 114401K [0x0000000080000000, 0x0000000100000000)
  region size 1024K, 10 young (10240K), 10 survivors (10240K)
 Metaspace       used 88404K, committed 89152K, reserved 1130496K
  class space    used 12188K, committed 12480K, reserved 1048576K
}
Event: 14.291 GC heap before
{Heap before GC invocations=42 (full 0):
 garbage-first heap   total 210944K, used 115425K [0x0000000080000000, 0x0000000100000000)
  region size 1024K, 11 young (11264K), 10 survivors (10240K)
 Metaspace       used 88404K, committed 89152K, reserved 1130496K
  class space    used 12188K, committed 12480K, reserved 1048576K
}
Event: 14.300 GC heap after
{Heap after GC invocations=43 (full 0):
 garbage-first heap   total 210944K, used 115192K [0x0000000080000000, 0x0000000100000000)
  region size 1024K, 2 young (2048K), 2 survivors (2048K)
 Metaspace       used 88404K, committed 89152K, reserved 1130496K
  class space    used 12188K, committed 12480K, reserved 1048576K
}
Event: 14.905 GC heap before
{Heap before GC invocations=43 (full 0):
 garbage-first heap   total 210944K, used 167416K [0x0000000080000000, 0x0000000100000000)
  region size 1024K, 53 young (54272K), 2 survivors (2048K)
 Metaspace       used 90353K, committed 91008K, reserved 1130496K
  class space    used 12431K, committed 12736K, reserved 1048576K
}
Event: 14.920 GC heap after
{Heap after GC invocations=44 (full 0):
 garbage-first heap   total 210944K, used 119234K [0x0000000080000000, 0x0000000100000000)
  region size 1024K, 7 young (7168K), 7 survivors (7168K)
 Metaspace       used 90353K, committed 91008K, reserved 1130496K
  class space    used 12431K, committed 12736K, reserved 1048576K
}
Event: 15.727 GC heap before
{Heap before GC invocations=45 (full 0):
 garbage-first heap   total 210944K, used 172482K [0x0000000080000000, 0x0000000100000000)
  region size 1024K, 53 young (54272K), 7 survivors (7168K)
 Metaspace       used 95709K, committed 96448K, reserved 1138688K
  class space    used 13016K, committed 13312K, reserved 1048576K
}
Event: 15.735 GC heap after
{Heap after GC invocations=46 (full 0):
 garbage-first heap   total 210944K, used 131056K [0x0000000080000000, 0x0000000100000000)
  region size 1024K, 6 young (6144K), 6 survivors (6144K)
 Metaspace       used 95709K, committed 96448K, reserved 1138688K
  class space    used 13016K, committed 13312K, reserved 1048576K
}
Event: 15.796 GC heap before
{Heap before GC invocations=46 (full 0):
 garbage-first heap   total 210944K, used 134128K [0x0000000080000000, 0x0000000100000000)
  region size 1024K, 10 young (10240K), 6 survivors (6144K)
 Metaspace       used 96276K, committed 97024K, reserved 1138688K
  class space    used 13059K, committed 13376K, reserved 1048576K
}
Event: 15.801 GC heap after
{Heap after GC invocations=47 (full 0):
 garbage-first heap   total 210944K, used 131618K [0x0000000080000000, 0x0000000100000000)
  region size 1024K, 1 young (1024K), 1 survivors (1024K)
 Metaspace       used 96276K, committed 97024K, reserved 1138688K
  class space    used 13059K, committed 13376K, reserved 1048576K
}
Event: 16.639 GC heap before
{Heap before GC invocations=47 (full 0):
 garbage-first heap   total 210944K, used 171554K [0x0000000080000000, 0x0000000100000000)
  region size 1024K, 40 young (40960K), 1 survivors (1024K)
 Metaspace       used 101986K, committed 102656K, reserved 1138688K
  class space    used 13647K, committed 13952K, reserved 1048576K
}
Event: 16.644 GC heap after
{Heap after GC invocations=48 (full 0):
 garbage-first heap   total 210944K, used 133525K [0x0000000080000000, 0x0000000100000000)
  region size 1024K, 3 young (3072K), 3 survivors (3072K)
 Metaspace       used 101986K, committed 102656K, reserved 1138688K
  class space    used 13647K, committed 13952K, reserved 1048576K
}

