# JRE version: OpenJDK Runtime Environment (17.0.6) (build 17.0.6+0-b2043.56-10027231)
# Java VM: OpenJDK 64-Bit Server VM (17.0.6+0-b2043.56-10027231, mixed mode, tiered, compressed oops, compressed class ptrs, g1 gc, windows-amd64)
GC Precious Log:
 CPUs: 8 total, 8 available
 Memory: 16194M
 Large Page Support: Disabled
 NUMA Support: Disabled
 Compressed Oops: Enabled (32-bit)
 Heap Region Size: 1M
 Heap Min Capacity: 8M
 Heap Initial Capacity: 254M
 Heap Max Capacity: 2G
 Pre-touch: Disabled
 Parallel Workers: 8
 Concurrent Workers: 2
 Concurrent Refinement Workers: 8
 Periodic GC: Disabled
Heap:
 garbage-first heap   total 135168K, used 77587K [0x0000000080000000, 0x0000000100000000)
  region size 1024K, 5 young (5120K), 5 survivors (5120K)
 Metaspace       used 89960K, committed 90624K, reserved 1130496K
  class space    used 12418K, committed 12736K, reserved 1048576K
GC Heap History (20 events):
Event: 9.255 GC heap after
{Heap after GC invocations=21 (full 0):
 garbage-first heap   total 112640K, used 57208K [0x0000000080000000, 0x0000000100000000)
  region size 1024K, 3 young (3072K), 3 survivors (3072K)
 Metaspace       used 67026K, committed 67584K, reserved 1114112K
  class space    used 8907K, committed 9152K, reserved 1048576K
}
Event: 9.581 GC heap before
{Heap before GC invocations=21 (full 0):
 garbage-first heap   total 112640K, used 91000K [0x0000000080000000, 0x0000000100000000)
  region size 1024K, 36 young (36864K), 3 survivors (3072K)
 Metaspace       used 71568K, committed 72128K, reserved 1114112K
  class space    used 9524K, committed 9792K, reserved 1048576K
}
Event: 9.584 GC heap after
{Heap after GC invocations=22 (full 0):
 garbage-first heap   total 112640K, used 59300K [0x0000000080000000, 0x0000000100000000)
  region size 1024K, 5 young (5120K), 5 survivors (5120K)
 Metaspace       used 71568K, committed 72128K, reserved 1114112K
  class space    used 9524K, committed 9792K, reserved 1048576K
}
Event: 9.946 GC heap before
{Heap before GC invocations=23 (full 0):
 garbage-first heap   total 112640K, used 88996K [0x0000000080000000, 0x0000000100000000)
  region size 1024K, 37 young (37888K), 5 survivors (5120K)
 Metaspace       used 74161K, committed 74752K, reserved 1114112K
  class space    used 9868K, committed 10176K, reserved 1048576K
}
Event: 9.951 GC heap after
{Heap after GC invocations=24 (full 0):
 garbage-first heap   total 112640K, used 58342K [0x0000000080000000, 0x0000000100000000)
  region size 1024K, 5 young (5120K), 5 survivors (5120K)
 Metaspace       used 74161K, committed 74752K, reserved 1114112K
  class space    used 9868K, committed 10176K, reserved 1048576K
}
Event: 9.957 GC heap before
{Heap before GC invocations=24 (full 0):
 garbage-first heap   total 112640K, used 60390K [0x0000000080000000, 0x0000000100000000)
  region size 1024K, 6 young (6144K), 5 survivors (5120K)
 Metaspace       used 74203K, committed 74816K, reserved 1114112K
  class space    used 9872K, committed 10176K, reserved 1048576K
}
Event: 9.961 GC heap after
{Heap after GC invocations=25 (full 0):
 garbage-first heap   total 112640K, used 59044K [0x0000000080000000, 0x0000000100000000)
  region size 1024K, 1 young (1024K), 1 survivors (1024K)
 Metaspace       used 74203K, committed 74816K, reserved 1114112K
  class space    used 9872K, committed 10176K, reserved 1048576K
}
Event: 10.380 GC heap before
{Heap before GC invocations=25 (full 0):
 garbage-first heap   total 112640K, used 91812K [0x0000000080000000, 0x0000000100000000)
  region size 1024K, 33 young (33792K), 1 survivors (1024K)
 Metaspace       used 78270K, committed 78848K, reserved 1122304K
  class space    used 10620K, committed 10880K, reserved 1048576K
}
Event: 10.383 GC heap after
{Heap after GC invocations=26 (full 0):
 garbage-first heap   total 135168K, used 59754K [0x0000000080000000, 0x0000000100000000)
  region size 1024K, 2 young (2048K), 2 survivors (2048K)
 Metaspace       used 78270K, committed 78848K, reserved 1122304K
  class space    used 10620K, committed 10880K, reserved 1048576K
}
Event: 11.173 GC heap before
{Heap before GC invocations=27 (full 0):
 garbage-first heap   total 135168K, used 107882K [0x0000000080000000, 0x0000000100000000)
  region size 1024K, 49 young (50176K), 2 survivors (2048K)
 Metaspace       used 83199K, committed 83776K, reserved 1122304K
  class space    used 11348K, committed 11584K, reserved 1048576K
}
Event: 11.182 GC heap after
{Heap after GC invocations=28 (full 0):
 garbage-first heap   total 135168K, used 63106K [0x0000000080000000, 0x0000000100000000)
  region size 1024K, 5 young (5120K), 5 survivors (5120K)
 Metaspace       used 83199K, committed 83776K, reserved 1122304K
  class space    used 11348K, committed 11584K, reserved 1048576K
}
Event: 11.197 GC heap before
{Heap before GC invocations=28 (full 0):
 garbage-first heap   total 135168K, used 64130K [0x0000000080000000, 0x0000000100000000)
  region size 1024K, 6 young (6144K), 5 survivors (5120K)
 Metaspace       used 83364K, committed 83968K, reserved 1122304K
  class space    used 11366K, committed 11648K, reserved 1048576K
}
Event: 11.205 GC heap after
{Heap after GC invocations=29 (full 0):
 garbage-first heap   total 135168K, used 63141K [0x0000000080000000, 0x0000000100000000)
  region size 1024K, 1 young (1024K), 1 survivors (1024K)
 Metaspace       used 83364K, committed 83968K, reserved 1122304K
  class space    used 11366K, committed 11648K, reserved 1048576K
}
Event: 12.092 GC heap before
{Heap before GC invocations=29 (full 0):
 garbage-first heap   total 135168K, used 109221K [0x0000000080000000, 0x0000000100000000)
  region size 1024K, 46 young (47104K), 1 survivors (1024K)
 Metaspace       used 87855K, committed 88512K, reserved 1130496K
  class space    used 12011K, committed 12288K, reserved 1048576K
}
Event: 12.101 GC heap after
{Heap after GC invocations=30 (full 0):
 garbage-first heap   total 135168K, used 66851K [0x0000000080000000, 0x0000000100000000)
  region size 1024K, 5 young (5120K), 5 survivors (5120K)
 Metaspace       used 87855K, committed 88512K, reserved 1130496K
  class space    used 12011K, committed 12288K, reserved 1048576K
}
Event: 12.625 GC heap before
{Heap before GC invocations=31 (full 0):
 garbage-first heap   total 135168K, used 108835K [0x0000000080000000, 0x0000000100000000)
  region size 1024K, 46 young (47104K), 5 survivors (5120K)
 Metaspace       used 88569K, committed 89216K, reserved 1130496K
  class space    used 12134K, committed 12416K, reserved 1048576K
}
Event: 12.638 GC heap after
{Heap after GC invocations=32 (full 0):
 garbage-first heap   total 135168K, used 73153K [0x0000000080000000, 0x0000000100000000)
  region size 1024K, 6 young (6144K), 6 survivors (6144K)
 Metaspace       used 88569K, committed 89216K, reserved 1130496K
  class space    used 12134K, committed 12416K, reserved 1048576K
}
Event: 12.662 GC heap before
{Heap before GC invocations=32 (full 0):
 garbage-first heap   total 135168K, used 74177K [0x0000000080000000, 0x0000000100000000)
  region size 1024K, 7 young (7168K), 6 survivors (6144K)
 Metaspace       used 88708K, committed 89344K, reserved 1130496K
  class space    used 12159K, committed 12480K, reserved 1048576K
}
Event: 12.672 GC heap after
{Heap after GC invocations=33 (full 0):
 garbage-first heap   total 135168K, used 73810K [0x0000000080000000, 0x0000000100000000)
  region size 1024K, 1 young (1024K), 1 survivors (1024K)
 Metaspace       used 88708K, committed 89344K, reserved 1130496K
  class space    used 12159K, committed 12480K, reserved 1048576K
}
Event: 13.089 GC heap before
{Heap before GC invocations=33 (full 0):
 garbage-first heap   total 135168K, used 107602K [0x0000000080000000, 0x0000000100000000)
  region size 1024K, 35 young (35840K), 1 survivors (1024K)
 Metaspace       used 89960K, committed 90624K, reserved 1130496K
  class space    used 12418K, committed 12736K, reserved 1048576K
}

