# JRE version: OpenJDK Runtime Environment (17.0.6) (build 17.0.6+0-b2043.56-10027231)
# Java VM: OpenJDK 64-Bit Server VM (17.0.6+0-b2043.56-10027231, mixed mode, tiered, compressed oops, compressed class ptrs, g1 gc, windows-amd64)
GC Precious Log:
 CPUs: 8 total, 8 available
 Memory: 16194M
 Large Page Support: Disabled
 NUMA Support: Disabled
 Compressed Oops: Enabled (32-bit)
 Heap Region Size: 1M
 Heap Min Capacity: 8M
 Heap Initial Capacity: 254M
 Heap Max Capacity: 2G
 Pre-touch: Disabled
 Parallel Workers: 8
 Concurrent Workers: 2
 Concurrent Refinement Workers: 8
 Periodic GC: Disabled
Heap:
 garbage-first heap   total 218112K, used 146710K [0x0000000080000000, 0x0000000100000000)
  region size 1024K, 11 young (11264K), 2 survivors (2048K)
 Metaspace       used 130232K, committed 131008K, reserved 1163264K
  class space    used 16955K, committed 17280K, reserved 1048576K
GC Heap History (20 events):
Event: 12.884 GC heap before
{Heap before GC invocations=32 (full 0):
 garbage-first heap   total 176128K, used 136802K [0x0000000080000000, 0x0000000100000000)
  region size 1024K, 38 young (38912K), 3 survivors (3072K)
 Metaspace       used 87146K, committed 87744K, reserved 1130496K
  class space    used 11597K, committed 11840K, reserved 1048576K
}
Event: 12.895 GC heap after
{Heap after GC invocations=33 (full 0):
 garbage-first heap   total 211968K, used 104949K [0x0000000080000000, 0x0000000100000000)
  region size 1024K, 5 young (5120K), 5 survivors (5120K)
 Metaspace       used 87146K, committed 87744K, reserved 1130496K
  class space    used 11597K, committed 11840K, reserved 1048576K
}
Event: 12.937 GC heap before
{Heap before GC invocations=33 (full 0):
 garbage-first heap   total 211968K, used 110069K [0x0000000080000000, 0x0000000100000000)
  region size 1024K, 10 young (10240K), 5 survivors (5120K)
 Metaspace       used 87157K, committed 87744K, reserved 1130496K
  class space    used 11597K, committed 11840K, reserved 1048576K
}
Event: 12.949 GC heap after
{Heap after GC invocations=34 (full 0):
 garbage-first heap   total 211968K, used 105540K [0x0000000080000000, 0x0000000100000000)
  region size 1024K, 1 young (1024K), 1 survivors (1024K)
 Metaspace       used 87157K, committed 87744K, reserved 1130496K
  class space    used 11597K, committed 11840K, reserved 1048576K
}
Event: 13.737 GC heap before
{Heap before GC invocations=34 (full 0):
 garbage-first heap   total 211968K, used 165956K [0x0000000080000000, 0x0000000100000000)
  region size 1024K, 60 young (61440K), 1 survivors (1024K)
 Metaspace       used 91262K, committed 91840K, reserved 1130496K
  class space    used 12058K, committed 12288K, reserved 1048576K
}
Event: 13.744 GC heap after
{Heap after GC invocations=35 (full 0):
 garbage-first heap   total 211968K, used 109344K [0x0000000080000000, 0x0000000100000000)
  region size 1024K, 5 young (5120K), 5 survivors (5120K)
 Metaspace       used 91262K, committed 91840K, reserved 1130496K
  class space    used 12058K, committed 12288K, reserved 1048576K
}
Event: 14.856 GC heap before
{Heap before GC invocations=36 (full 0):
 garbage-first heap   total 211968K, used 167712K [0x0000000080000000, 0x0000000100000000)
  region size 1024K, 63 young (64512K), 5 survivors (5120K)
 Metaspace       used 98503K, committed 99136K, reserved 1138688K
  class space    used 12876K, committed 13120K, reserved 1048576K
}
Event: 14.863 GC heap after
{Heap after GC invocations=37 (full 0):
 garbage-first heap   total 211968K, used 111999K [0x0000000080000000, 0x0000000100000000)
  region size 1024K, 4 young (4096K), 4 survivors (4096K)
 Metaspace       used 98503K, committed 99136K, reserved 1138688K
  class space    used 12876K, committed 13120K, reserved 1048576K
}
Event: 16.085 GC heap before
{Heap before GC invocations=37 (full 0):
 garbage-first heap   total 211968K, used 171391K [0x0000000080000000, 0x0000000100000000)
  region size 1024K, 62 young (63488K), 4 survivors (4096K)
 Metaspace       used 108278K, committed 108864K, reserved 1146880K
  class space    used 13987K, committed 14208K, reserved 1048576K
}
Event: 16.094 GC heap after
{Heap after GC invocations=38 (full 0):
 garbage-first heap   total 211968K, used 114119K [0x0000000080000000, 0x0000000100000000)
  region size 1024K, 6 young (6144K), 6 survivors (6144K)
 Metaspace       used 108278K, committed 108864K, reserved 1146880K
  class space    used 13987K, committed 14208K, reserved 1048576K
}
Event: 17.927 GC heap before
{Heap before GC invocations=39 (full 0):
 garbage-first heap   total 211968K, used 173511K [0x0000000080000000, 0x0000000100000000)
  region size 1024K, 64 young (65536K), 6 survivors (6144K)
 Metaspace       used 117388K, committed 118080K, reserved 1155072K
  class space    used 15235K, committed 15552K, reserved 1048576K
}
Event: 17.938 GC heap after
{Heap after GC invocations=40 (full 0):
 garbage-first heap   total 211968K, used 118473K [0x0000000080000000, 0x0000000100000000)
  region size 1024K, 7 young (7168K), 7 survivors (7168K)
 Metaspace       used 117388K, committed 118080K, reserved 1155072K
  class space    used 15235K, committed 15552K, reserved 1048576K
}
Event: 20.812 GC heap before
{Heap before GC invocations=40 (full 0):
 garbage-first heap   total 211968K, used 159433K [0x0000000080000000, 0x0000000100000000)
  region size 1024K, 49 young (50176K), 7 survivors (7168K)
 Metaspace       used 121442K, committed 122176K, reserved 1155072K
  class space    used 15786K, committed 16064K, reserved 1048576K
}
Event: 20.821 GC heap after
{Heap after GC invocations=41 (full 0):
 garbage-first heap   total 211968K, used 122028K [0x0000000080000000, 0x0000000100000000)
  region size 1024K, 5 young (5120K), 5 survivors (5120K)
 Metaspace       used 121442K, committed 122176K, reserved 1155072K
  class space    used 15786K, committed 16064K, reserved 1048576K
}
Event: 22.036 GC heap before
{Heap before GC invocations=42 (full 0):
 garbage-first heap   total 217088K, used 179372K [0x0000000080000000, 0x0000000100000000)
  region size 1024K, 57 young (58368K), 5 survivors (5120K)
 Metaspace       used 127822K, committed 128576K, reserved 1163264K
  class space    used 16629K, committed 16960K, reserved 1048576K
}
Event: 22.043 GC heap after
{Heap after GC invocations=43 (full 0):
 garbage-first heap   total 217088K, used 130924K [0x0000000080000000, 0x0000000100000000)
  region size 1024K, 8 young (8192K), 8 survivors (8192K)
 Metaspace       used 127822K, committed 128576K, reserved 1163264K
  class space    used 16629K, committed 16960K, reserved 1048576K
}
Event: 22.096 GC heap before
{Heap before GC invocations=43 (full 0):
 garbage-first heap   total 217088K, used 132972K [0x0000000080000000, 0x0000000100000000)
  region size 1024K, 10 young (10240K), 8 survivors (8192K)
 Metaspace       used 128092K, committed 128832K, reserved 1163264K
  class space    used 16672K, committed 16960K, reserved 1048576K
}
Event: 22.104 GC heap after
{Heap after GC invocations=44 (full 0):
 garbage-first heap   total 217088K, used 131200K [0x0000000080000000, 0x0000000100000000)
  region size 1024K, 1 young (1024K), 1 survivors (1024K)
 Metaspace       used 128092K, committed 128832K, reserved 1163264K
  class space    used 16672K, committed 16960K, reserved 1048576K
}
Event: 22.485 GC heap before
{Heap before GC invocations=44 (full 0):
 garbage-first heap   total 217088K, used 143488K [0x0000000080000000, 0x0000000100000000)
  region size 1024K, 14 young (14336K), 1 survivors (1024K)
 Metaspace       used 130226K, committed 131008K, reserved 1163264K
  class space    used 16954K, committed 17280K, reserved 1048576K
}
Event: 22.488 GC heap after
{Heap after GC invocations=45 (full 0):
 garbage-first heap   total 217088K, used 132374K [0x0000000080000000, 0x0000000100000000)
  region size 1024K, 2 young (2048K), 2 survivors (2048K)
 Metaspace       used 130226K, committed 131008K, reserved 1163264K
  class space    used 16954K, committed 17280K, reserved 1048576K
}

