# JRE version: OpenJDK Runtime Environment (17.0.6) (build 17.0.6+0-b2043.56-10027231)
# Java VM: OpenJDK 64-Bit Server VM (17.0.6+0-b2043.56-10027231, mixed mode, tiered, compressed oops, compressed class ptrs, g1 gc, windows-amd64)
GC Precious Log:
 CPUs: 8 total, 8 available
 Memory: 16194M
 Large Page Support: Disabled
 NUMA Support: Disabled
 Compressed Oops: Enabled (32-bit)
 Heap Region Size: 1M
 Heap Min Capacity: 8M
 Heap Initial Capacity: 254M
 Heap Max Capacity: 2G
 Pre-touch: Disabled
 Parallel Workers: 8
 Concurrent Workers: 2
 Concurrent Refinement Workers: 8
 Periodic GC: Disabled
Heap:
 garbage-first heap   total 157696K, used 87329K [0x0000000080000000, 0x0000000100000000)
  region size 1024K, 1 young (1024K), 1 survivors (1024K)
 Metaspace       used 91297K, committed 92032K, reserved 1130496K
  class space    used 12528K, committed 12864K, reserved 1048576K
GC Heap History (20 events):
Event: 9.143 GC heap after
{Heap after GC invocations=22 (full 0):
 garbage-first heap   total 128000K, used 53370K [0x0000000080000000, 0x0000000100000000)
  region size 1024K, 3 young (3072K), 3 survivors (3072K)
 Metaspace       used 68986K, committed 69568K, reserved 1114112K
  class space    used 9192K, committed 9472K, reserved 1048576K
}
Event: 9.568 GC heap before
{Heap before GC invocations=22 (full 0):
 garbage-first heap   total 128000K, used 93306K [0x0000000080000000, 0x0000000100000000)
  region size 1024K, 42 young (43008K), 3 survivors (3072K)
 Metaspace       used 72960K, committed 73600K, reserved 1114112K
  class space    used 9689K, committed 9984K, reserved 1048576K
}
Event: 9.573 GC heap after
{Heap after GC invocations=23 (full 0):
 garbage-first heap   total 128000K, used 57203K [0x0000000080000000, 0x0000000100000000)
  region size 1024K, 6 young (6144K), 6 survivors (6144K)
 Metaspace       used 72960K, committed 73600K, reserved 1114112K
  class space    used 9689K, committed 9984K, reserved 1048576K
}
Event: 10.011 GC heap before
{Heap before GC invocations=23 (full 0):
 garbage-first heap   total 128000K, used 97139K [0x0000000080000000, 0x0000000100000000)
  region size 1024K, 44 young (45056K), 6 survivors (6144K)
 Metaspace       used 77583K, committed 78208K, reserved 1122304K
  class space    used 10540K, committed 10816K, reserved 1048576K
}
Event: 10.015 GC heap after
{Heap after GC invocations=24 (full 0):
 garbage-first heap   total 128000K, used 59754K [0x0000000080000000, 0x0000000100000000)
  region size 1024K, 3 young (3072K), 3 survivors (3072K)
 Metaspace       used 77583K, committed 78208K, reserved 1122304K
  class space    used 10540K, committed 10816K, reserved 1048576K
}
Event: 10.484 GC heap before
{Heap before GC invocations=24 (full 0):
 garbage-first heap   total 128000K, used 98666K [0x0000000080000000, 0x0000000100000000)
  region size 1024K, 41 young (41984K), 3 survivors (3072K)
 Metaspace       used 81515K, committed 82112K, reserved 1122304K
  class space    used 11098K, committed 11392K, reserved 1048576K
}
Event: 10.489 GC heap after
{Heap after GC invocations=25 (full 0):
 garbage-first heap   total 128000K, used 62171K [0x0000000080000000, 0x0000000100000000)
  region size 1024K, 5 young (5120K), 5 survivors (5120K)
 Metaspace       used 81515K, committed 82112K, reserved 1122304K
  class space    used 11098K, committed 11392K, reserved 1048576K
}
Event: 10.930 GC heap before
{Heap before GC invocations=25 (full 0):
 garbage-first heap   total 128000K, used 101083K [0x0000000080000000, 0x0000000100000000)
  region size 1024K, 43 young (44032K), 5 survivors (5120K)
 Metaspace       used 86536K, committed 87168K, reserved 1130496K
  class space    used 11832K, committed 12160K, reserved 1048576K
}
Event: 10.936 GC heap after
{Heap after GC invocations=26 (full 0):
 garbage-first heap   total 157696K, used 65228K [0x0000000080000000, 0x0000000100000000)
  region size 1024K, 6 young (6144K), 6 survivors (6144K)
 Metaspace       used 86536K, committed 87168K, reserved 1130496K
  class space    used 11832K, committed 12160K, reserved 1048576K
}
Event: 11.328 GC heap before
{Heap before GC invocations=26 (full 0):
 garbage-first heap   total 157696K, used 122572K [0x0000000080000000, 0x0000000100000000)
  region size 1024K, 62 young (63488K), 6 survivors (6144K)
 Metaspace       used 87970K, committed 88576K, reserved 1130496K
  class space    used 12008K, committed 12288K, reserved 1048576K
}
Event: 11.337 GC heap after
{Heap after GC invocations=27 (full 0):
 garbage-first heap   total 157696K, used 73272K [0x0000000080000000, 0x0000000100000000)
  region size 1024K, 8 young (8192K), 8 survivors (8192K)
 Metaspace       used 87970K, committed 88576K, reserved 1130496K
  class space    used 12008K, committed 12288K, reserved 1048576K
}
Event: 11.816 GC heap before
{Heap before GC invocations=27 (full 0):
 garbage-first heap   total 157696K, used 122424K [0x0000000080000000, 0x0000000100000000)
  region size 1024K, 56 young (57344K), 8 survivors (8192K)
 Metaspace       used 89998K, committed 90624K, reserved 1130496K
  class space    used 12417K, committed 12736K, reserved 1048576K
}
Event: 11.833 GC heap after
{Heap after GC invocations=28 (full 0):
 garbage-first heap   total 157696K, used 79961K [0x0000000080000000, 0x0000000100000000)
  region size 1024K, 7 young (7168K), 7 survivors (7168K)
 Metaspace       used 89998K, committed 90624K, reserved 1130496K
  class space    used 12417K, committed 12736K, reserved 1048576K
}
Event: 12.299 GC heap before
{Heap before GC invocations=28 (full 0):
 garbage-first heap   total 157696K, used 122969K [0x0000000080000000, 0x0000000100000000)
  region size 1024K, 50 young (51200K), 7 survivors (7168K)
 Metaspace       used 90490K, committed 91072K, reserved 1130496K
  class space    used 12451K, committed 12736K, reserved 1048576K
}
Event: 12.307 GC heap after
{Heap after GC invocations=29 (full 0):
 garbage-first heap   total 157696K, used 83014K [0x0000000080000000, 0x0000000100000000)
  region size 1024K, 5 young (5120K), 5 survivors (5120K)
 Metaspace       used 90490K, committed 91072K, reserved 1130496K
  class space    used 12451K, committed 12736K, reserved 1048576K
}
Event: 12.923 GC heap before
{Heap before GC invocations=30 (full 0):
 garbage-first heap   total 157696K, used 127046K [0x0000000080000000, 0x0000000100000000)
  region size 1024K, 47 young (48128K), 5 survivors (5120K)
 Metaspace       used 91173K, committed 91840K, reserved 1130496K
  class space    used 12525K, committed 12800K, reserved 1048576K
}
Event: 12.932 GC heap after
{Heap after GC invocations=31 (full 0):
 garbage-first heap   total 157696K, used 88650K [0x0000000080000000, 0x0000000100000000)
  region size 1024K, 6 young (6144K), 6 survivors (6144K)
 Metaspace       used 91173K, committed 91840K, reserved 1130496K
  class space    used 12525K, committed 12800K, reserved 1048576K
}
Event: 12.955 GC heap before
{Heap before GC invocations=31 (full 0):
 garbage-first heap   total 157696K, used 89674K [0x0000000080000000, 0x0000000100000000)
  region size 1024K, 7 young (7168K), 6 survivors (6144K)
 Metaspace       used 91173K, committed 91840K, reserved 1130496K
  class space    used 12525K, committed 12800K, reserved 1048576K
}
Event: 12.961 GC heap after
{Heap after GC invocations=32 (full 0):
 garbage-first heap   total 157696K, used 87604K [0x0000000080000000, 0x0000000100000000)
  region size 1024K, 1 young (1024K), 1 survivors (1024K)
 Metaspace       used 91173K, committed 91840K, reserved 1130496K
  class space    used 12525K, committed 12800K, reserved 1048576K
}
Event: 13.316 GC heap before
{Heap before GC invocations=32 (full 0):
 garbage-first heap   total 157696K, used 127540K [0x0000000080000000, 0x0000000100000000)
  region size 1024K, 40 young (40960K), 1 survivors (1024K)
 Metaspace       used 91297K, committed 92032K, reserved 1130496K
  class space    used 12528K, committed 12864K, reserved 1048576K
}

