# JRE version: OpenJDK Runtime Environment (17.0.6) (build 17.0.6+0-b2043.56-10027231)
# Java VM: OpenJDK 64-Bit Server VM (17.0.6+0-b2043.56-10027231, mixed mode, tiered, compressed oops, compressed class ptrs, g1 gc, windows-amd64)
GC Precious Log:
 CPUs: 8 total, 8 available
 Memory: 16194M
 Large Page Support: Disabled
 NUMA Support: Disabled
 Compressed Oops: Enabled (32-bit)
 Heap Region Size: 1M
 Heap Min Capacity: 8M
 Heap Initial Capacity: 254M
 Heap Max Capacity: 2G
 Pre-touch: Disabled
 Parallel Workers: 8
 Concurrent Workers: 2
 Concurrent Refinement Workers: 8
 Periodic GC: Disabled
Heap:
 garbage-first heap   total 260096K, used 98948K [0x0000000080000000, 0x0000000100000000)
  region size 1024K, 1 young (1024K), 1 survivors (1024K)
 Metaspace       used 88169K, committed 88832K, reserved 1130496K
  class space    used 12185K, committed 12480K, reserved 1048576K
GC Heap History (20 events):
Event: 9.744 GC heap after
{Heap after GC invocations=31 (full 0):
 garbage-first heap   total 152576K, used 83293K [0x0000000080000000, 0x0000000100000000)
  region size 1024K, 1 young (1024K), 1 survivors (1024K)
 Metaspace       used 61383K, committed 61952K, reserved 1105920K
  class space    used 8220K, committed 8448K, reserved 1048576K
}
Event: 10.555 GC heap before
{Heap before GC invocations=31 (full 0):
 garbage-first heap   total 152576K, used 110941K [0x0000000080000000, 0x0000000100000000)
  region size 1024K, 29 young (29696K), 1 survivors (1024K)
 Metaspace       used 66464K, committed 67200K, reserved 1114112K
  class space    used 8894K, committed 9216K, reserved 1048576K
}
Event: 10.559 GC heap after
{Heap after GC invocations=32 (full 0):
 garbage-first heap   total 152576K, used 85185K [0x0000000080000000, 0x0000000100000000)
  region size 1024K, 3 young (3072K), 3 survivors (3072K)
 Metaspace       used 66464K, committed 67200K, reserved 1114112K
  class space    used 8894K, committed 9216K, reserved 1048576K
}
Event: 10.670 GC heap before
{Heap before GC invocations=33 (full 0):
 garbage-first heap   total 165888K, used 97473K [0x0000000080000000, 0x0000000100000000)
  region size 1024K, 12 young (12288K), 3 survivors (3072K)
 Metaspace       used 66466K, committed 67200K, reserved 1114112K
  class space    used 8894K, committed 9216K, reserved 1048576K
}
Event: 10.675 GC heap after
{Heap after GC invocations=34 (full 0):
 garbage-first heap   total 165888K, used 91075K [0x0000000080000000, 0x0000000100000000)
  region size 1024K, 5 young (5120K), 5 survivors (5120K)
 Metaspace       used 66466K, committed 67200K, reserved 1114112K
  class space    used 8894K, committed 9216K, reserved 1048576K
}
Event: 11.479 GC heap before
{Heap before GC invocations=35 (full 0):
 garbage-first heap   total 165888K, used 125891K [0x0000000080000000, 0x0000000100000000)
  region size 1024K, 37 young (37888K), 5 survivors (5120K)
 Metaspace       used 69313K, committed 70016K, reserved 1114112K
  class space    used 9273K, committed 9600K, reserved 1048576K
}
Event: 11.484 GC heap after
{Heap after GC invocations=36 (full 0):
 garbage-first heap   total 165888K, used 90126K [0x0000000080000000, 0x0000000100000000)
  region size 1024K, 3 young (3072K), 3 survivors (3072K)
 Metaspace       used 69313K, committed 70016K, reserved 1114112K
  class space    used 9273K, committed 9600K, reserved 1048576K
}
Event: 12.150 GC heap before
{Heap before GC invocations=36 (full 0):
 garbage-first heap   total 165888K, used 124942K [0x0000000080000000, 0x0000000100000000)
  region size 1024K, 37 young (37888K), 3 survivors (3072K)
 Metaspace       used 73830K, committed 74496K, reserved 1114112K
  class space    used 9893K, committed 10176K, reserved 1048576K
}
Event: 12.154 GC heap after
{Heap after GC invocations=37 (full 0):
 garbage-first heap   total 165888K, used 91976K [0x0000000080000000, 0x0000000100000000)
  region size 1024K, 5 young (5120K), 5 survivors (5120K)
 Metaspace       used 73830K, committed 74496K, reserved 1114112K
  class space    used 9893K, committed 10176K, reserved 1048576K
}
Event: 12.853 GC heap before
{Heap before GC invocations=38 (full 0):
 garbage-first heap   total 165888K, used 126792K [0x0000000080000000, 0x0000000100000000)
  region size 1024K, 40 young (40960K), 5 survivors (5120K)
 Metaspace       used 77657K, committed 78336K, reserved 1122304K
  class space    used 10377K, committed 10688K, reserved 1048576K
}
Event: 12.862 GC heap after
{Heap after GC invocations=39 (full 0):
 garbage-first heap   total 165888K, used 93917K [0x0000000080000000, 0x0000000100000000)
  region size 1024K, 5 young (5120K), 5 survivors (5120K)
 Metaspace       used 77657K, committed 78336K, reserved 1122304K
  class space    used 10377K, committed 10688K, reserved 1048576K
}
Event: 12.929 GC heap before
{Heap before GC invocations=39 (full 0):
 garbage-first heap   total 165888K, used 96989K [0x0000000080000000, 0x0000000100000000)
  region size 1024K, 8 young (8192K), 5 survivors (5120K)
 Metaspace       used 78203K, committed 78912K, reserved 1122304K
  class space    used 10451K, committed 10752K, reserved 1048576K
}
Event: 12.938 GC heap after
{Heap after GC invocations=40 (full 0):
 garbage-first heap   total 165888K, used 94362K [0x0000000080000000, 0x0000000100000000)
  region size 1024K, 1 young (1024K), 1 survivors (1024K)
 Metaspace       used 78203K, committed 78912K, reserved 1122304K
  class space    used 10451K, committed 10752K, reserved 1048576K
}
Event: 13.134 GC heap before
{Heap before GC invocations=40 (full 0):
 garbage-first heap   total 165888K, used 103578K [0x0000000080000000, 0x0000000100000000)
  region size 1024K, 11 young (11264K), 1 survivors (1024K)
 Metaspace       used 79827K, committed 80512K, reserved 1122304K
  class space    used 10653K, committed 10944K, reserved 1048576K
}
Event: 13.136 GC heap after
{Heap after GC invocations=41 (full 0):
 garbage-first heap   total 165888K, used 93823K [0x0000000080000000, 0x0000000100000000)
  region size 1024K, 1 young (1024K), 1 survivors (1024K)
 Metaspace       used 79827K, committed 80512K, reserved 1122304K
  class space    used 10653K, committed 10944K, reserved 1048576K
}
Event: 13.781 GC heap before
{Heap before GC invocations=42 (full 0):
 garbage-first heap   total 178176K, used 135807K [0x0000000080000000, 0x0000000100000000)
  region size 1024K, 38 young (38912K), 1 survivors (1024K)
 Metaspace       used 86390K, committed 87104K, reserved 1130496K
  class space    used 11772K, committed 12096K, reserved 1048576K
}
Event: 13.784 GC heap after
{Heap after GC invocations=43 (full 0):
 garbage-first heap   total 178176K, used 98848K [0x0000000080000000, 0x0000000100000000)
  region size 1024K, 2 young (2048K), 2 survivors (2048K)
 Metaspace       used 86390K, committed 87104K, reserved 1130496K
  class space    used 11772K, committed 12096K, reserved 1048576K
}
Event: 13.930 GC heap before
{Heap before GC invocations=43 (full 0):
 garbage-first heap   total 178176K, used 104992K [0x0000000080000000, 0x0000000100000000)
  region size 1024K, 8 young (8192K), 2 survivors (2048K)
 Metaspace       used 87566K, committed 88256K, reserved 1130496K
  class space    used 12115K, committed 12416K, reserved 1048576K
}
Event: 13.935 GC heap after
{Heap after GC invocations=44 (full 0):
 garbage-first heap   total 178176K, used 98912K [0x0000000080000000, 0x0000000100000000)
  region size 1024K, 1 young (1024K), 1 survivors (1024K)
 Metaspace       used 87566K, committed 88256K, reserved 1130496K
  class space    used 12115K, committed 12416K, reserved 1048576K
}
Event: 13.996 GC heap before
{Heap before GC invocations=44 (full 0):
 garbage-first heap   total 178176K, used 100960K [0x0000000080000000, 0x0000000100000000)
  region size 1024K, 4 young (4096K), 1 survivors (1024K)
 Metaspace       used 88169K, committed 88832K, reserved 1130496K
  class space    used 12185K, committed 12480K, reserved 1048576K
}

